<?xml version="1.0" encoding="UTF-8"?>
<testng-results ignored="0" total="1" passed="1" failed="0" skipped="0">
  <reporter-output>
  </reporter-output>
  <suite started-at="2020-09-29T13:41:27 IST" name="Suite" finished-at="2020-09-29T13:42:05 IST" duration-ms="38131">
    <groups>
    </groups>
    <test started-at="2020-09-29T13:41:27 IST" name="Test" finished-at="2020-09-29T13:42:05 IST" duration-ms="38131">
      <class name="com.atmecs.php_travels_chat.ChatWidgetTest">
        <test-method is-config="true" signature="setUp()[pri:0, instance:com.atmecs.php_travels_chat.ChatWidgetTest@59d016c9]" started-at="2020-09-29T13:41:27 IST" name="setUp" finished-at="2020-09-29T13:41:38 IST" duration-ms="11350" status="PASS">
          <reporter-output>
          </reporter-output>
        </test-method> <!-- setUp -->
        <test-method signature="chatWidgetTest()[pri:0, instance:com.atmecs.php_travels_chat.ChatWidgetTest@59d016c9]" started-at="2020-09-29T13:41:38 IST" name="chatWidgetTest" finished-at="2020-09-29T13:42:04 IST" duration-ms="25733" status="PASS">
          <reporter-output>
          </reporter-output>
        </test-method> <!-- chatWidgetTest -->
        <test-method is-config="true" signature="tearDown()[pri:0, instance:com.atmecs.php_travels_chat.ChatWidgetTest@59d016c9]" started-at="2020-09-29T13:42:04 IST" name="tearDown" finished-at="2020-09-29T13:42:05 IST" duration-ms="1014" status="PASS">
          <reporter-output>
          </reporter-output>
        </test-method> <!-- tearDown -->
      </class> <!-- com.atmecs.php_travels_chat.ChatWidgetTest -->
    </test> <!-- Test -->
  </suite> <!-- Suite -->
</testng-results>
