<?xml version="1.0" encoding="UTF-8"?>
<testng-results ignored="0" total="1" passed="1" failed="0" skipped="0">
  <reporter-output>
  </reporter-output>
  <suite started-at="2020-09-30T10:31:08 IST" name="Default suite" finished-at="2020-09-30T10:31:49 IST" duration-ms="40973">
    <groups>
    </groups>
    <test started-at="2020-09-30T10:31:08 IST" name="Default test" finished-at="2020-09-30T10:31:49 IST" duration-ms="40973">
      <class name="com.atmecs.automation_demo.RegisterTest">
        <test-method is-config="true" signature="setUp()[pri:0, instance:com.atmecs.automation_demo.RegisterTest@65466a6a]" started-at="2020-09-30T10:31:08 IST" name="setUp" finished-at="2020-09-30T10:31:17 IST" duration-ms="8518" status="PASS">
          <reporter-output>
          </reporter-output>
        </test-method> <!-- setUp -->
        <test-method signature="registerTest()[pri:0, instance:com.atmecs.automation_demo.RegisterTest@65466a6a]" started-at="2020-09-30T10:31:17 IST" name="registerTest" finished-at="2020-09-30T10:31:48 IST" duration-ms="31405" status="PASS">
          <reporter-output>
          </reporter-output>
        </test-method> <!-- registerTest -->
        <test-method is-config="true" signature="tearDown()[pri:0, instance:com.atmecs.automation_demo.RegisterTest@65466a6a]" started-at="2020-09-30T10:31:48 IST" name="tearDown" finished-at="2020-09-30T10:31:49 IST" duration-ms="1010" status="PASS">
          <reporter-output>
          </reporter-output>
        </test-method> <!-- tearDown -->
      </class> <!-- com.atmecs.automation_demo.RegisterTest -->
    </test> <!-- Default test -->
  </suite> <!-- Default suite -->
</testng-results>
