<?xml version="1.0" encoding="UTF-8"?>
<testng-results ignored="0" total="1" passed="1" failed="0" skipped="0">
  <reporter-output>
  </reporter-output>
  <suite started-at="2020-09-20T13:07:21 IST" name="Default suite" finished-at="2020-09-20T13:08:03 IST" duration-ms="42314">
    <groups>
    </groups>
    <test started-at="2020-09-20T13:07:21 IST" name="Default test" finished-at="2020-09-20T13:08:03 IST" duration-ms="42314">
      <class name="automationdemo.Register">
        <test-method is-config="true" signature="propertyFile()[pri:0, instance:automationdemo.Register@47542153]" started-at="2020-09-20T13:07:21 IST" name="propertyFile" finished-at="2020-09-20T13:07:21 IST" duration-ms="15" status="PASS">
          <reporter-output>
          </reporter-output>
        </test-method> <!-- propertyFile -->
        <test-method is-config="true" signature="setUp()[pri:0, instance:automationdemo.Register@47542153]" started-at="2020-09-20T13:07:21 IST" name="setUp" finished-at="2020-09-20T13:07:32 IST" duration-ms="11435" status="PASS">
          <reporter-output>
          </reporter-output>
        </test-method> <!-- setUp -->
        <test-method signature="register()[pri:0, instance:automationdemo.Register@47542153]" started-at="2020-09-20T13:07:32 IST" name="register" finished-at="2020-09-20T13:08:02 IST" duration-ms="29748" status="PASS">
          <reporter-output>
          </reporter-output>
        </test-method> <!-- register -->
        <test-method is-config="true" signature="tearDown()[pri:0, instance:automationdemo.Register@47542153]" started-at="2020-09-20T13:08:02 IST" name="tearDown" finished-at="2020-09-20T13:08:03 IST" duration-ms="1051" status="PASS">
          <reporter-output>
          </reporter-output>
        </test-method> <!-- tearDown -->
        <test-method is-config="true" signature="testEnds()[pri:0, instance:automationdemo.Register@47542153]" started-at="2020-09-20T13:08:03 IST" name="testEnds" finished-at="2020-09-20T13:08:03 IST" duration-ms="0" status="PASS">
          <reporter-output>
          </reporter-output>
        </test-method> <!-- testEnds -->
      </class> <!-- automationdemo.Register -->
    </test> <!-- Default test -->
  </suite> <!-- Default suite -->
</testng-results>
