<?xml version="1.0" encoding="UTF-8"?>
<!-- Generated by org.testng.reporters.JUnitXMLReporter -->
<testsuite ignored="0" hostname="ATMECSBLRLT-042" failures="0" tests="5" name="Test" time="43.815" errors="0" timestamp="2020-09-29T13:44:25 IST">
  <testcase classname="com.atmecs.demo_blaze.SignUpTest" name="signUpTest" time="2.472"/>
  <testcase classname="com.atmecs.demo_blaze.LogInTest" name="logInTest" time="0.494"/>
  <testcase classname="com.atmecs.demo_blaze.ContactTest" name="contactTest" time="0.626"/>
  <testcase classname="com.atmecs.demo_blaze.AddToCartTest" name="addToCartTest" time="3.029"/>
  <testcase classname="com.atmecs.demo_blaze.ValidateCartTest" name="validateCartTest" time="1.478"/>
</testsuite> <!-- Test -->
