<?xml version="1.0" encoding="UTF-8"?>
<testng-results ignored="0" total="5" passed="5" failed="0" skipped="0">
  <reporter-output>
  </reporter-output>
  <suite started-at="2020-09-29T13:43:42 IST" name="Suite" finished-at="2020-09-29T13:44:25 IST" duration-ms="43815">
    <groups>
    </groups>
    <test started-at="2020-09-29T13:43:42 IST" name="Test" finished-at="2020-09-29T13:44:25 IST" duration-ms="43815">
      <class name="com.atmecs.demo_blaze.SignUpTest">
        <test-method is-config="true" signature="setUp()[pri:0, instance:com.atmecs.demo_blaze.SignUpTest@5cee5251]" started-at="2020-09-29T13:43:42 IST" name="setUp" finished-at="2020-09-29T13:43:48 IST" duration-ms="6150" status="PASS">
          <reporter-output>
          </reporter-output>
        </test-method> <!-- setUp -->
        <test-method signature="signUpTest()[pri:0, instance:com.atmecs.demo_blaze.SignUpTest@5cee5251]" started-at="2020-09-29T13:43:48 IST" name="signUpTest" finished-at="2020-09-29T13:43:50 IST" duration-ms="2472" status="PASS">
          <reporter-output>
          </reporter-output>
        </test-method> <!-- signUpTest -->
        <test-method is-config="true" signature="tearDown()[pri:0, instance:com.atmecs.demo_blaze.SignUpTest@5cee5251]" started-at="2020-09-29T13:43:50 IST" name="tearDown" finished-at="2020-09-29T13:43:51 IST" duration-ms="893" status="PASS">
          <reporter-output>
          </reporter-output>
        </test-method> <!-- tearDown -->
      </class> <!-- com.atmecs.demo_blaze.SignUpTest -->
      <class name="com.atmecs.demo_blaze.ContactTest">
        <test-method is-config="true" signature="setUp()[pri:0, instance:com.atmecs.demo_blaze.ContactTest@5c909414]" started-at="2020-09-29T13:43:59 IST" name="setUp" finished-at="2020-09-29T13:44:05 IST" duration-ms="5504" status="PASS">
          <reporter-output>
          </reporter-output>
        </test-method> <!-- setUp -->
        <test-method signature="contactTest()[pri:0, instance:com.atmecs.demo_blaze.ContactTest@5c909414]" started-at="2020-09-29T13:44:05 IST" name="contactTest" finished-at="2020-09-29T13:44:05 IST" duration-ms="626" status="PASS">
          <reporter-output>
          </reporter-output>
        </test-method> <!-- contactTest -->
        <test-method is-config="true" signature="tearDown()[pri:0, instance:com.atmecs.demo_blaze.ContactTest@5c909414]" started-at="2020-09-29T13:44:05 IST" name="tearDown" finished-at="2020-09-29T13:44:06 IST" duration-ms="872" status="PASS">
          <reporter-output>
          </reporter-output>
        </test-method> <!-- tearDown -->
      </class> <!-- com.atmecs.demo_blaze.ContactTest -->
      <class name="com.atmecs.demo_blaze.ValidateCartTest">
        <test-method is-config="true" signature="setUp()[pri:0, instance:com.atmecs.demo_blaze.ValidateCartTest@65466a6a]" started-at="2020-09-29T13:44:17 IST" name="setUp" finished-at="2020-09-29T13:44:23 IST" duration-ms="5580" status="PASS">
          <reporter-output>
          </reporter-output>
        </test-method> <!-- setUp -->
        <test-method signature="validateCartTest()[pri:0, instance:com.atmecs.demo_blaze.ValidateCartTest@65466a6a]" started-at="2020-09-29T13:44:23 IST" name="validateCartTest" finished-at="2020-09-29T13:44:24 IST" duration-ms="1478" status="PASS">
          <reporter-output>
          </reporter-output>
        </test-method> <!-- validateCartTest -->
        <test-method is-config="true" signature="tearDown()[pri:0, instance:com.atmecs.demo_blaze.ValidateCartTest@65466a6a]" started-at="2020-09-29T13:44:24 IST" name="tearDown" finished-at="2020-09-29T13:44:25 IST" duration-ms="920" status="PASS">
          <reporter-output>
          </reporter-output>
        </test-method> <!-- tearDown -->
      </class> <!-- com.atmecs.demo_blaze.ValidateCartTest -->
      <class name="com.atmecs.demo_blaze.LogInTest">
        <test-method is-config="true" signature="setUp()[pri:0, instance:com.atmecs.demo_blaze.LogInTest@433d61fb]" started-at="2020-09-29T13:43:51 IST" name="setUp" finished-at="2020-09-29T13:43:57 IST" duration-ms="6163" status="PASS">
          <reporter-output>
          </reporter-output>
        </test-method> <!-- setUp -->
        <test-method signature="logInTest()[pri:0, instance:com.atmecs.demo_blaze.LogInTest@433d61fb]" started-at="2020-09-29T13:43:57 IST" name="logInTest" finished-at="2020-09-29T13:43:58 IST" duration-ms="494" status="PASS">
          <reporter-output>
          </reporter-output>
        </test-method> <!-- logInTest -->
        <test-method is-config="true" signature="tearDown()[pri:0, instance:com.atmecs.demo_blaze.LogInTest@433d61fb]" started-at="2020-09-29T13:43:58 IST" name="tearDown" finished-at="2020-09-29T13:43:59 IST" duration-ms="1353" status="PASS">
          <reporter-output>
          </reporter-output>
        </test-method> <!-- tearDown -->
      </class> <!-- com.atmecs.demo_blaze.LogInTest -->
      <class name="com.atmecs.demo_blaze.AddToCartTest">
        <test-method is-config="true" signature="setUp()[pri:0, instance:com.atmecs.demo_blaze.AddToCartTest@4b14c583]" started-at="2020-09-29T13:44:06 IST" name="setUp" finished-at="2020-09-29T13:44:13 IST" duration-ms="7206" status="PASS">
          <reporter-output>
          </reporter-output>
        </test-method> <!-- setUp -->
        <test-method signature="addToCartTest()[pri:0, instance:com.atmecs.demo_blaze.AddToCartTest@4b14c583]" started-at="2020-09-29T13:44:13 IST" name="addToCartTest" finished-at="2020-09-29T13:44:16 IST" duration-ms="3029" status="PASS">
          <reporter-output>
          </reporter-output>
        </test-method> <!-- addToCartTest -->
        <test-method is-config="true" signature="tearDown()[pri:0, instance:com.atmecs.demo_blaze.AddToCartTest@4b14c583]" started-at="2020-09-29T13:44:16 IST" name="tearDown" finished-at="2020-09-29T13:44:17 IST" duration-ms="1020" status="PASS">
          <reporter-output>
          </reporter-output>
        </test-method> <!-- tearDown -->
      </class> <!-- com.atmecs.demo_blaze.AddToCartTest -->
    </test> <!-- Test -->
  </suite> <!-- Suite -->
</testng-results>
